mode: set
workspace/internal/entities/automata/state.go:13.51,16.28 3 1
workspace/internal/entities/automata/state.go:20.2,20.31 1 1
workspace/internal/entities/automata/state.go:35.2,35.20 1 1
workspace/internal/entities/automata/state.go:16.28,18.3 1 1
workspace/internal/entities/automata/state.go:20.31,22.44 2 1
workspace/internal/entities/automata/state.go:33.3,33.36 1 1
workspace/internal/entities/automata/state.go:22.44,23.37 1 1
workspace/internal/entities/automata/state.go:23.37,25.15 2 1
workspace/internal/entities/automata/state.go:26.15,27.97 1 1
workspace/internal/entities/automata/state.go:28.16,29.66 1 1
workspace/internal/entities/automata/state.go:38.62,40.41 2 1
workspace/internal/entities/automata/state.go:46.2,46.13 1 1
workspace/internal/entities/automata/state.go:40.41,41.17 1 1
workspace/internal/entities/automata/state.go:41.17,43.4 1 1
workspace/internal/entities/automata/state.go:46.13,48.3 1 1
workspace/internal/entities/automata/state.go:51.86,53.29 2 1
workspace/internal/entities/automata/state.go:57.2,57.50 1 1
workspace/internal/entities/automata/state.go:78.2,78.8 1 1
workspace/internal/entities/automata/state.go:53.29,55.3 1 1
workspace/internal/entities/automata/state.go:57.50,58.10 1 1
workspace/internal/entities/automata/state.go:59.28,60.37 1 1
workspace/internal/entities/automata/state.go:70.11,71.29 1 1
workspace/internal/entities/automata/state.go:60.37,62.12 2 1
workspace/internal/entities/automata/state.go:62.12,64.20 2 1
workspace/internal/entities/automata/state.go:64.20,66.7 1 0
workspace/internal/entities/automata/state.go:71.29,72.32 1 1
workspace/internal/entities/automata/state.go:72.32,74.6 1 1
workspace/internal/entities/automata/state.go:81.85,86.16 4 1
workspace/internal/entities/automata/state.go:90.2,90.45 1 1
workspace/internal/entities/automata/state.go:102.2,102.12 1 1
workspace/internal/entities/automata/state.go:86.16,88.3 1 0
workspace/internal/entities/automata/state.go:90.45,91.36 1 1
workspace/internal/entities/automata/state.go:91.36,93.11 2 1
workspace/internal/entities/automata/state.go:93.11,95.19 2 1
workspace/internal/entities/automata/state.go:95.19,97.6 1 0
workspace/internal/entities/automata/state.go:105.64,106.22 1 1
workspace/internal/entities/automata/state.go:110.2,111.43 2 1
workspace/internal/entities/automata/state.go:121.2,121.12 1 1
workspace/internal/entities/automata/state.go:106.22,108.3 1 1
workspace/internal/entities/automata/state.go:111.43,112.26 1 1
workspace/internal/entities/automata/state.go:112.26,113.32 1 1
workspace/internal/entities/automata/state.go:113.32,115.12 2 1
workspace/internal/entities/automata/state.go:115.12,117.6 1 1
workspace/internal/entities/automata/state.go:124.81,125.24 1 1
workspace/internal/entities/automata/state.go:135.2,136.41 2 1
workspace/internal/entities/automata/state.go:157.2,157.35 1 1
workspace/internal/entities/automata/state.go:125.24,128.17 3 1
workspace/internal/entities/automata/state.go:128.17,130.4 1 1
workspace/internal/entities/automata/state.go:130.9,132.4 1 1
workspace/internal/entities/automata/state.go:136.41,137.17 1 1
workspace/internal/entities/automata/state.go:138.28,139.33 1 1
workspace/internal/entities/automata/state.go:145.18,146.33 1 1
workspace/internal/entities/automata/state.go:139.33,141.19 2 1
workspace/internal/entities/automata/state.go:141.19,143.6 1 1
workspace/internal/entities/automata/state.go:146.33,148.35 2 1
workspace/internal/entities/automata/state.go:148.35,150.20 2 1
workspace/internal/entities/automata/state.go:150.20,152.7 1 1
workspace/internal/entities/automata/state.go:160.60,162.43 2 1
workspace/internal/entities/automata/state.go:182.2,182.20 1 1
workspace/internal/entities/automata/state.go:162.43,164.36 2 1
workspace/internal/entities/automata/state.go:174.3,174.21 1 1
workspace/internal/entities/automata/state.go:164.36,165.24 1 1
workspace/internal/entities/automata/state.go:165.24,166.24 1 1
workspace/internal/entities/automata/state.go:169.5,170.17 2 1
workspace/internal/entities/automata/state.go:166.24,168.6 1 0
workspace/internal/entities/automata/state.go:174.21,179.4 1 1
workspace/internal/entities/automata/state.go:185.50,187.50 2 1
workspace/internal/entities/automata/state.go:199.2,200.36 2 1
workspace/internal/entities/automata/state.go:207.2,208.50 2 1
workspace/internal/entities/automata/state.go:216.2,216.36 1 1
workspace/internal/entities/automata/state.go:220.2,220.12 1 1
workspace/internal/entities/automata/state.go:187.50,188.36 1 1
workspace/internal/entities/automata/state.go:188.36,190.62 2 1
workspace/internal/entities/automata/state.go:190.62,192.5 1 1
workspace/internal/entities/automata/state.go:192.10,195.5 2 1
workspace/internal/entities/automata/state.go:200.36,202.10 2 1
workspace/internal/entities/automata/state.go:202.10,204.4 1 1
workspace/internal/entities/automata/state.go:208.50,209.36 1 1
workspace/internal/entities/automata/state.go:209.36,210.35 1 1
workspace/internal/entities/automata/state.go:210.35,212.5 1 0
workspace/internal/entities/automata/state.go:216.36,218.3 1 0
workspace/internal/entities/automata/types.go:9.84,11.33 2 1
workspace/internal/entities/automata/types.go:23.2,24.12 2 1
workspace/internal/entities/automata/types.go:11.33,12.25 1 1
workspace/internal/entities/automata/types.go:12.25,14.11 2 1
workspace/internal/entities/automata/types.go:14.11,16.19 2 1
workspace/internal/entities/automata/types.go:16.19,18.6 1 0
workspace/internal/entities/automata/types.go:27.87,29.33 2 1
workspace/internal/entities/automata/types.go:41.2,41.29 1 1
workspace/internal/entities/automata/types.go:29.33,30.25 1 1
workspace/internal/entities/automata/types.go:30.25,32.11 2 1
workspace/internal/entities/automata/types.go:32.11,34.19 2 1
workspace/internal/entities/automata/types.go:34.19,36.6 1 0
workspace/internal/entities/automata/types.go:48.48,49.26 1 1
workspace/internal/entities/automata/types.go:57.2,57.12 1 1
workspace/internal/entities/automata/types.go:50.12,51.27 1 1
workspace/internal/entities/automata/types.go:52.13,54.49 2 1
workspace/internal/entities/automata/types.go:62.50,65.2 2 1
workspace/internal/entities/automata/types.go:72.43,73.33 1 1
workspace/internal/entities/automata/types.go:79.2,79.12 1 1
workspace/internal/entities/automata/types.go:73.33,75.10 2 1
workspace/internal/entities/automata/types.go:75.10,77.4 1 0
workspace/internal/entities/automata/types.go:86.54,87.30 1 1
workspace/internal/entities/automata/types.go:93.2,93.12 1 1
workspace/internal/entities/automata/types.go:87.30,88.23 1 1
workspace/internal/entities/automata/types.go:88.23,90.4 1 1
workspace/internal/entities/automata/types.go:100.55,101.26 1 1
workspace/internal/entities/automata/types.go:107.2,107.12 1 1
workspace/internal/entities/automata/types.go:102.12,103.28 1 1
workspace/internal/entities/automata/types.go:104.13,105.28 1 1
workspace/internal/entities/automata/types.go:114.52,117.2 2 1
workspace/internal/entities/automata/types.go:123.54,124.38 1 1
workspace/internal/entities/automata/types.go:129.2,129.12 1 1
workspace/internal/entities/automata/types.go:124.38,125.25 1 1
workspace/internal/entities/automata/types.go:125.25,127.4 1 0
workspace/internal/entities/automata/types.go:134.54,135.33 1 1
workspace/internal/entities/automata/types.go:140.2,140.12 1 1
workspace/internal/entities/automata/types.go:135.33,136.26 1 1
workspace/internal/entities/automata/types.go:136.26,138.4 1 0
workspace/internal/entities/automata/types.go:147.49,148.33 1 1
workspace/internal/entities/automata/types.go:154.2,154.12 1 1
workspace/internal/entities/automata/types.go:148.33,149.39 1 1
workspace/internal/entities/automata/types.go:149.39,151.4 1 0
workspace/internal/entities/automata/automata.go:11.30,13.2 1 1
workspace/internal/entities/automata/automata.go:15.93,19.96 3 1
workspace/internal/entities/automata/automata.go:23.2,32.6 7 1
workspace/internal/entities/automata/automata.go:81.2,81.33 1 1
workspace/internal/entities/automata/automata.go:19.96,21.3 1 0
workspace/internal/entities/automata/automata.go:32.6,41.32 4 1
workspace/internal/entities/automata/automata.go:75.3,76.45 2 1
workspace/internal/entities/automata/automata.go:41.32,44.42 2 1
workspace/internal/entities/automata/automata.go:50.4,50.63 1 1
workspace/internal/entities/automata/automata.go:55.4,57.29 3 1
workspace/internal/entities/automata/automata.go:64.4,64.15 1 1
workspace/internal/entities/automata/automata.go:72.4,72.11 1 1
workspace/internal/entities/automata/automata.go:44.42,45.43 1 1
workspace/internal/entities/automata/automata.go:45.43,47.6 1 1
workspace/internal/entities/automata/automata.go:50.63,52.13 2 0
workspace/internal/entities/automata/automata.go:57.29,58.90 1 1
workspace/internal/entities/automata/automata.go:58.90,61.6 2 1
workspace/internal/entities/automata/automata.go:64.15,69.5 4 1
workspace/internal/entities/automata/automata.go:69.10,71.5 1 1
workspace/internal/entities/automata/automata.go:76.45,77.9 1 1
workspace/internal/entities/automata/automata.go:84.51,86.16 2 1
workspace/internal/entities/automata/automata.go:90.2,93.20 4 1
workspace/internal/entities/automata/automata.go:86.16,88.3 1 0
workspace/internal/entities/automata/automata.go:101.10,105.39 3 1
workspace/internal/entities/automata/automata.go:113.2,113.57 1 1
workspace/internal/entities/automata/automata.go:124.2,124.15 1 1
workspace/internal/entities/automata/automata.go:105.39,106.23 1 1
workspace/internal/entities/automata/automata.go:106.23,109.9 3 1
workspace/internal/entities/automata/automata.go:113.57,115.9 2 1
workspace/internal/entities/automata/automata.go:115.9,118.4 2 1
workspace/internal/entities/automata/automata.go:118.9,122.4 3 1
workspace/internal/entities/automata/automata.go:133.38,136.68 2 1
workspace/internal/entities/automata/automata.go:140.2,141.73 2 1
workspace/internal/entities/automata/automata.go:145.2,145.12 1 1
workspace/internal/entities/automata/automata.go:136.68,138.3 1 0
workspace/internal/entities/automata/automata.go:141.73,143.3 1 0
workspace/internal/entities/automata/automata.go:148.58,154.90 2 1
workspace/internal/entities/automata/automata.go:158.2,160.19 3 1
workspace/internal/entities/automata/automata.go:166.2,167.8 2 1
workspace/internal/entities/automata/automata.go:154.90,156.3 1 0
workspace/internal/entities/automata/automata.go:160.19,164.3 3 1
workspace/internal/entities/automata/automata.go:170.44,173.2 2 1
workspace/internal/entities/automata/automata.go:175.56,179.2 3 0
workspace/internal/entities/automata/automata.go:181.50,183.30 2 1
workspace/internal/entities/automata/automata.go:198.2,200.12 3 1
workspace/internal/entities/automata/automata.go:183.30,186.13 3 1
workspace/internal/entities/automata/automata.go:187.13,188.42 1 0
workspace/internal/entities/automata/automata.go:189.14,194.42 2 1
workspace/internal/entities/automata/automata.go:203.34,208.39 4 1
workspace/internal/entities/automata/automata.go:212.2,214.12 3 1
workspace/internal/entities/automata/automata.go:208.39,210.3 1 1
workspace/internal/entities/automata/automata.go:217.50,218.33 1 1
workspace/internal/entities/automata/automata.go:221.2,221.39 1 1
workspace/internal/entities/automata/automata.go:226.2,227.12 2 1
workspace/internal/entities/automata/automata.go:218.33,220.3 1 0
workspace/internal/entities/automata/automata.go:221.39,224.3 2 1
workspace/internal/entities/automata/automata.go:230.48,231.33 1 1
workspace/internal/entities/automata/automata.go:235.2,242.12 7 1
workspace/internal/entities/automata/automata.go:231.33,233.3 1 0
workspace/internal/entities/automata/automata.go:245.33,252.96 2 1
workspace/internal/entities/automata/automata.go:255.2,255.31 1 1
workspace/internal/entities/automata/automata.go:259.2,260.86 2 1
workspace/internal/entities/automata/automata.go:252.96,254.3 1 0
workspace/internal/entities/automata/automata.go:255.31,257.3 1 1
workspace/internal/entities/automata/automata.go:263.35,269.95 2 1
workspace/internal/entities/automata/automata.go:273.2,274.12 2 1
workspace/internal/entities/automata/automata.go:269.95,271.3 1 0
workspace/internal/entities/automata/automata.go:283.7,286.35 2 1
workspace/internal/entities/automata/automata.go:300.2,300.24 1 1
workspace/internal/entities/automata/automata.go:286.35,287.81 1 1
workspace/internal/entities/automata/automata.go:290.3,291.40 2 1
workspace/internal/entities/automata/automata.go:296.3,296.28 1 1
workspace/internal/entities/automata/automata.go:287.81,288.12 1 1
workspace/internal/entities/automata/automata.go:291.40,292.114 1 1
workspace/internal/entities/automata/automata.go:292.114,294.5 1 1
workspace/internal/entities/automata/automata.go:296.28,297.9 1 1
workspace/internal/entities/automata/automata.go:303.114,305.37 2 1
workspace/internal/entities/automata/automata.go:309.2,310.60 2 1
workspace/internal/entities/automata/automata.go:326.2,326.29 1 1
workspace/internal/entities/automata/automata.go:305.37,307.3 1 1
workspace/internal/entities/automata/automata.go:310.60,311.23 1 1
workspace/internal/entities/automata/automata.go:320.3,320.44 1 1
workspace/internal/entities/automata/automata.go:311.23,315.11 3 1
workspace/internal/entities/automata/automata.go:315.11,317.5 1 1
workspace/internal/entities/automata/automata.go:320.44,321.37 1 1
workspace/internal/entities/automata/automata.go:321.37,323.5 1 1
workspace/internal/entities/automata/automata.go:329.37,340.114 2 1
workspace/internal/entities/automata/automata.go:344.2,345.96 2 1
workspace/internal/entities/automata/automata.go:349.2,349.31 1 1
workspace/internal/entities/automata/automata.go:353.2,354.90 2 1
workspace/internal/entities/automata/automata.go:358.2,358.6 1 1
workspace/internal/entities/automata/automata.go:388.2,392.27 4 1
workspace/internal/entities/automata/automata.go:396.2,396.12 1 1
workspace/internal/entities/automata/automata.go:340.114,342.3 1 0
workspace/internal/entities/automata/automata.go:345.96,347.3 1 0
workspace/internal/entities/automata/automata.go:349.31,351.3 1 1
workspace/internal/entities/automata/automata.go:354.90,356.3 1 0
workspace/internal/entities/automata/automata.go:358.6,360.32 2 1
workspace/internal/entities/automata/automata.go:371.3,372.48 2 1
workspace/internal/entities/automata/automata.go:378.3,378.83 1 1
workspace/internal/entities/automata/automata.go:382.3,383.47 2 1
workspace/internal/entities/automata/automata.go:360.32,362.27 2 1
workspace/internal/entities/automata/automata.go:363.12,365.21 2 1
workspace/internal/entities/automata/automata.go:366.12,367.90 1 1
workspace/internal/entities/automata/automata.go:372.48,373.41 1 1
workspace/internal/entities/automata/automata.go:373.41,375.5 1 1
workspace/internal/entities/automata/automata.go:378.83,379.9 1 1
workspace/internal/entities/automata/automata.go:383.47,385.4 1 1
workspace/internal/entities/automata/automata.go:392.27,394.3 1 1
workspace/internal/entities/automata/automata.go:399.79,400.9 1 1
workspace/internal/entities/automata/automata.go:412.2,412.11 1 1
workspace/internal/entities/automata/automata.go:401.24,402.19 1 1
workspace/internal/entities/automata/automata.go:403.28,405.22 2 1
workspace/internal/entities/automata/automata.go:406.10,410.22 4 1
workspace/internal/entities/automata/automata.go:415.143,416.41 1 1
workspace/internal/entities/automata/automata.go:416.41,417.26 1 1
workspace/internal/entities/automata/automata.go:417.26,424.14 7 1
workspace/internal/entities/automata/automata.go:425.14,426.61 1 0
workspace/internal/entities/automata/automata.go:427.15,428.40 1 1
workspace/internal/entities/automata/automata.go:434.96,436.52 2 1
workspace/internal/entities/automata/automata.go:465.2,466.31 2 1
workspace/internal/entities/automata/automata.go:436.52,438.36 2 1
workspace/internal/entities/automata/automata.go:444.3,444.49 1 1
workspace/internal/entities/automata/automata.go:450.3,450.21 1 1
workspace/internal/entities/automata/automata.go:438.36,439.32 1 1
workspace/internal/entities/automata/automata.go:439.32,441.5 1 1
workspace/internal/entities/automata/automata.go:444.49,445.26 1 1
workspace/internal/entities/automata/automata.go:445.26,447.5 1 1
workspace/internal/entities/automata/automata.go:450.21,451.45 1 1
workspace/internal/entities/automata/automata.go:460.4,460.45 1 1
workspace/internal/entities/automata/automata.go:451.45,453.5 1 1
workspace/internal/entities/automata/automata.go:453.10,458.5 1 0
workspace/internal/entities/automata/automata.go:460.45,462.5 1 1
workspace/internal/entities/automata/automata.go:466.31,467.27 1 1
workspace/internal/entities/automata/automata.go:467.27,469.11 2 1
workspace/internal/entities/automata/automata.go:469.11,471.5 1 1
workspace/internal/entities/automata/automata.go:471.10,473.5 1 0
workspace/internal/entities/automata/automata.go:478.61,481.16 3 1
workspace/internal/entities/automata/automata.go:485.2,485.15 1 1
workspace/internal/entities/automata/automata.go:492.2,492.50 1 1
workspace/internal/entities/automata/automata.go:496.2,497.71 2 1
workspace/internal/entities/automata/automata.go:501.2,501.8 1 1
workspace/internal/entities/automata/automata.go:481.16,483.3 1 0
workspace/internal/entities/automata/automata.go:485.15,486.38 1 1
workspace/internal/entities/automata/automata.go:489.3,489.12 1 1
workspace/internal/entities/automata/automata.go:486.38,488.4 1 0
workspace/internal/entities/automata/automata.go:492.50,494.3 1 0
workspace/internal/entities/automata/automata.go:497.71,499.3 1 0
workspace/internal/entities/automata/automata.go:504.68,506.31 2 1
workspace/internal/entities/automata/automata.go:517.2,517.42 1 1
workspace/internal/entities/automata/automata.go:506.31,508.17 2 1
workspace/internal/entities/automata/automata.go:512.3,512.23 1 1
workspace/internal/entities/automata/automata.go:508.17,510.4 1 0
workspace/internal/entities/automata/automata.go:512.23,514.4 1 1
workspace/internal/entities/automata/automata.go:520.84,522.29 2 1
workspace/internal/entities/automata/automata.go:526.2,526.31 1 1
workspace/internal/entities/automata/automata.go:538.2,538.12 1 1
workspace/internal/entities/automata/automata.go:522.29,524.3 1 1
workspace/internal/entities/automata/automata.go:526.31,527.42 1 1
workspace/internal/entities/automata/automata.go:527.42,528.25 1 1
workspace/internal/entities/automata/automata.go:528.25,530.19 2 1
workspace/internal/entities/automata/automata.go:534.5,534.31 1 1
workspace/internal/entities/automata/automata.go:530.19,532.6 1 0
workspace/internal/entities/automata/automata.go:541.58,543.42 2 1
workspace/internal/entities/automata/automata.go:552.2,552.12 1 1
workspace/internal/entities/automata/automata.go:543.42,544.25 1 1
workspace/internal/entities/automata/automata.go:544.25,545.38 1 1
workspace/internal/entities/automata/automata.go:545.38,547.5 1 1
workspace/internal/entities/automata/automata.go:547.10,549.5 1 1
workspace/internal/entities/automata/automata.go:555.59,562.39 2 1
workspace/internal/entities/automata/automata.go:567.2,567.90 1 1
workspace/internal/entities/automata/automata.go:571.2,572.6 2 1
workspace/internal/entities/automata/automata.go:618.2,619.16 2 1
workspace/internal/entities/automata/automata.go:623.2,624.9 2 1
workspace/internal/entities/automata/automata.go:630.2,631.16 2 1
workspace/internal/entities/automata/automata.go:635.2,635.46 1 1
workspace/internal/entities/automata/automata.go:562.39,565.3 2 1
workspace/internal/entities/automata/automata.go:567.90,569.3 1 0
workspace/internal/entities/automata/automata.go:572.6,582.32 5 1
workspace/internal/entities/automata/automata.go:591.3,591.32 1 1
workspace/internal/entities/automata/automata.go:598.3,598.31 1 1
workspace/internal/entities/automata/automata.go:602.3,603.17 2 1
workspace/internal/entities/automata/automata.go:607.3,607.32 1 1
workspace/internal/entities/automata/automata.go:615.3,615.73 1 1
workspace/internal/entities/automata/automata.go:582.32,583.50 1 1
workspace/internal/entities/automata/automata.go:583.50,587.10 4 1
workspace/internal/entities/automata/automata.go:591.32,593.18 2 1
workspace/internal/entities/automata/automata.go:593.18,595.5 1 0
workspace/internal/entities/automata/automata.go:598.31,599.9 1 1
workspace/internal/entities/automata/automata.go:603.17,605.4 1 0
workspace/internal/entities/automata/automata.go:607.32,609.18 2 1
workspace/internal/entities/automata/automata.go:612.4,612.63 1 1
workspace/internal/entities/automata/automata.go:609.18,611.5 1 0
workspace/internal/entities/automata/automata.go:619.16,621.3 1 0
workspace/internal/entities/automata/automata.go:624.9,626.3 1 0
workspace/internal/entities/automata/automata.go:626.8,628.3 1 1
workspace/internal/entities/automata/automata.go:631.16,633.3 1 0
workspace/internal/entities/automata/checkers.go:7.68,8.39 1 1
workspace/internal/entities/automata/checkers.go:18.2,18.12 1 1
workspace/internal/entities/automata/checkers.go:8.39,9.48 1 1
workspace/internal/entities/automata/checkers.go:9.48,10.51 1 1
workspace/internal/entities/automata/checkers.go:13.4,13.59 1 1
workspace/internal/entities/automata/checkers.go:10.51,12.5 1 0
workspace/internal/entities/automata/checkers.go:13.59,15.5 1 0
workspace/internal/entities/automata/checkers.go:21.43,24.2 2 1
workspace/internal/entities/automata/checkers.go:26.43,29.2 2 1
workspace/internal/entities/automata/checkers.go:31.40,34.94 3 1
workspace/internal/entities/automata/checkers.go:38.2,39.16 2 1
workspace/internal/entities/automata/checkers.go:42.2,42.40 1 1
workspace/internal/entities/automata/checkers.go:34.94,36.3 1 0
workspace/internal/entities/automata/checkers.go:39.16,41.3 1 0
workspace/internal/entities/automata/checkers.go:45.38,49.96 3 1
workspace/internal/entities/automata/checkers.go:53.2,54.81 2 1
workspace/internal/entities/automata/checkers.go:49.96,51.3 1 0
